\BOOKMARK [1][-]{section.1}{\376\377\000I\000n\000t\000r\000o\000d\000u\000c\000t\000i\000o\000n}{}% 1
\BOOKMARK [1][-]{section.2}{\376\377\000D\000e\000s\000i\000g\000n\000\040\000G\000o\000a\000l\000s}{}% 2
\BOOKMARK [2][-]{subsection.2.1}{\376\377\000T\000i\000e\000r\000e\000d\000\040\000L\000e\000a\000r\000n\000i\000n\000g\000\040\000R\000e\000s\000o\000u\000r\000c\000e\000s}{section.2}% 3
\BOOKMARK [2][-]{subsection.2.2}{\376\377\000M\000u\000s\000i\000c\000-\000F\000o\000r\000w\000a\000r\000d\000\040\000R\000e\000s\000o\000u\000r\000c\000e\000s}{section.2}% 4
\BOOKMARK [1][-]{section.3}{\376\377\000E\000c\000o\000s\000y\000s\000t\000e\000m\000\040\000o\000f\000\040\000L\000e\000a\000r\000n\000i\000n\000g\000\040\000M\000a\000t\000e\000r\000i\000a\000l\000s}{}% 5
\BOOKMARK [2][-]{subsection.3.1}{\376\377\000C\000r\000e\000a\000t\000i\000v\000e\000\040\000C\000o\000d\000i\000n\000g\000\040\000E\000n\000v\000i\000r\000o\000n\000m\000e\000n\000t\000\040\000M\000a\000t\000e\000r\000i\000a\000l\000s}{section.3}% 6
\BOOKMARK [2][-]{subsection.3.2}{\376\377\000W\000e\000b\000\040\000R\000e\000f\000e\000r\000e\000n\000c\000e}{section.3}% 7
\BOOKMARK [2][-]{subsection.3.3}{\376\377\000L\000e\000a\000r\000n\000\040\000A\000r\000t\000i\000c\000l\000e\000s}{section.3}% 8
\BOOKMARK [2][-]{subsection.3.4}{\376\377\000E\000x\000p\000l\000o\000r\000e\000\040\000A\000r\000t\000i\000c\000l\000e\000s}{section.3}% 9
\BOOKMARK [2][-]{subsection.3.5}{\376\377\000D\000i\000s\000c\000o\000u\000r\000s\000e}{section.3}% 10
\BOOKMARK [2][-]{subsection.3.6}{\376\377\000I\000n\000t\000e\000r\000-\000c\000o\000n\000n\000e\000c\000t\000i\000v\000i\000t\000y\000\040\000o\000f\000\040\000R\000e\000s\000o\000u\000r\000c\000e\000s}{section.3}% 11
\BOOKMARK [1][-]{section.4}{\376\377\000E\000x\000a\000m\000p\000l\000e\000\040\000L\000e\000s\000s\000o\000n\000\040\000P\000l\000a\000n\000:\000\040\000M\000L\000P\000R\000e\000g\000r\000e\000s\000s\000o\000r}{}% 12
\BOOKMARK [2][-]{subsection.4.1}{\376\377\000C\000l\000a\000s\000s\000i\000f\000i\000e\000r\000\040\000E\000x\000t\000e\000n\000s\000i\000o\000n}{section.4}% 13
\BOOKMARK [1][-]{section.5}{\376\377\000C\000o\000m\000m\000o\000n\000\040\000L\000e\000a\000r\000n\000i\000n\000g\000\040\000C\000h\000a\000l\000l\000e\000n\000g\000e\000s\000\040\000\046\000\040\000S\000t\000r\000a\000t\000e\000g\000i\000e\000s}{}% 14
\BOOKMARK [2][-]{subsection.5.1}{\376\377\000N\000e\000w\000\040\000W\000a\000y\000s\000\040\000o\000f\000\040\000U\000s\000i\000n\000g\000\040\000B\000u\000f\000f\000e\000r\000s}{section.5}% 15
\BOOKMARK [3][-]{subsubsection.5.1.1}{\376\377\000I\000n\000i\000t\000i\000a\000l\000\040\000E\000n\000c\000o\000u\000n\000t\000e\000r}{subsection.5.1}% 16
\BOOKMARK [3][-]{subsubsection.5.1.2}{\376\377\000H\000o\000l\000d\000i\000n\000g\000\040\000A\000n\000a\000l\000y\000s\000e\000s}{subsection.5.1}% 17
\BOOKMARK [3][-]{subsubsection.5.1.3}{\376\377\000M\000a\000n\000i\000p\000u\000l\000a\000t\000i\000n\000g\000\040\000\046\000\040\000C\000o\000p\000y\000i\000n\000g\000\040\000D\000a\000t\000a}{subsection.5.1}% 18
\BOOKMARK [3][-]{subsubsection.5.1.4}{\376\377\000W\000h\000y\000\040\000B\000u\000f\000f\000e\000r\000s}{subsection.5.1}% 19
\BOOKMARK [2][-]{subsection.5.2}{\376\377\000S\000t\000a\000t\000e\000f\000u\000l\000\040\000O\000b\000j\000e\000c\000t\000s}{section.5}% 20
\BOOKMARK [2][-]{subsection.5.3}{\376\377\000F\000o\000u\000r\000i\000e\000r\000\040\000T\000r\000a\000n\000s\000f\000o\000r\000m\000\040\000\046\000\040\000S\000T\000F\000T}{section.5}% 21
\BOOKMARK [2][-]{subsection.5.4}{\376\377\000A\000d\000v\000a\000n\000c\000e\000d\000\040\000N\000e\000u\000r\000a\000l\000\040\000N\000e\000t\000w\000o\000r\000k\000s}{section.5}% 22
\BOOKMARK [3][-]{subsubsection.5.4.1}{\376\377\000W\000e\000b\000\040\000R\000e\000s\000o\000u\000r\000c\000e\000s}{subsection.5.4}% 23
\BOOKMARK [3][-]{subsubsection.5.4.2}{\376\377\000B\000u\000i\000l\000d\000i\000n\000g\000\040\000I\000n\000t\000u\000i\000t\000i\000o\000n\000\040\000a\000b\000o\000u\000t\000\040\000H\000o\000w\000\040\000N\000e\000u\000r\000a\000l\000\040\000N\000e\000t\000w\000o\000r\000k\000s\000\040\000L\000e\000a\000r\000n}{subsection.5.4}% 24
\BOOKMARK [3][-]{subsubsection.5.4.3}{\376\377\000M\000L\000P\000\040\000P\000a\000r\000a\000m\000e\000t\000e\000r\000s}{subsection.5.4}% 25
\BOOKMARK [3][-]{subsubsection.5.4.4}{\376\377\000V\000i\000s\000u\000a\000l\000i\000z\000i\000n\000g\000\040\000a\000\040\000M\000L\000P}{subsection.5.4}% 26
\BOOKMARK [2][-]{subsection.5.5}{\376\377\000T\000h\000r\000e\000a\000d\000i\000n\000g}{section.5}% 27
\BOOKMARK [3][-]{subsubsection.5.5.1}{\376\377\000S\000u\000p\000e\000r\000C\000o\000l\000l\000i\000d\000e\000r}{subsection.5.5}% 28
\BOOKMARK [2][-]{subsection.5.6}{\376\377\000N\000a\000v\000i\000g\000a\000t\000i\000n\000g\000\040\000H\000u\000m\000a\000n\000\040\000\046\000\040\000M\000a\000c\000h\000i\000n\000e\000\040\000A\000s\000s\000u\000m\000p\000t\000i\000o\000n\000s}{section.5}% 29
\BOOKMARK [3][-]{subsubsection.5.6.1}{\376\377\000M\000a\000c\000h\000i\000n\000e\000\040\000L\000i\000s\000t\000e\000n\000i\000n\000g\000:\000\040\000P\000i\000t\000c\000h}{subsection.5.6}% 30
\BOOKMARK [3][-]{subsubsection.5.6.2}{\376\377\000S\000t\000a\000t\000i\000s\000t\000i\000c\000s}{subsection.5.6}% 31
\BOOKMARK [3][-]{subsubsection.5.6.3}{\376\377\000`\000`\000K\000n\000o\000w\000\040\000Y\000o\000u\000r\000\040\000D\000a\000t\000a\000'\000'}{subsection.5.6}% 32
\BOOKMARK [3][-]{subsubsection.5.6.4}{\376\377\000S\000c\000a\000l\000e\000r\000s\000\040\000\046\000\040\000D\000i\000s\000t\000a\000n\000c\000e\000\040\000a\000s\000\040\000S\000i\000m\000i\000l\000a\000r\000i\000t\000y}{subsection.5.6}% 33
\BOOKMARK [3][-]{subsubsection.5.6.5}{\376\377\000H\000u\000m\000a\000n\000\040\000v\000s\000.\000\040\000M\000a\000c\000h\000i\000n\000e\000\040\000A\000s\000s\000u\000m\000p\000t\000i\000o\000n\000s}{subsection.5.6}% 34
\BOOKMARK [2][-]{subsection.5.7}{\376\377\000D\000e\000-\000M\000y\000t\000h\000-\000i\000f\000y\000i\000n\000g\000\040\000M\000a\000c\000h\000i\000n\000e\000\040\000L\000e\000a\000r\000n\000i\000n\000g}{section.5}% 35
\BOOKMARK [2][-]{subsection.5.8}{\376\377\000C\000C\000E\000\040\000S\000p\000e\000c\000i\000f\000i\000c\000\040\000O\000b\000j\000e\000c\000t\000s}{section.5}% 36
\BOOKMARK [1][-]{section.6}{\376\377\000R\000e\000l\000e\000v\000a\000n\000c\000e\000\040\000t\000o\000\040\000C\000o\000n\000t\000e\000m\000p\000o\000r\000a\000r\000y\000\040\000S\000o\000c\000i\000e\000t\000y}{}% 37
